[0.541s] Invoking command in '/home/racecar/racecar_ws/src/ros_exercises': PYTHONPATH=/home/racecar/racecar_ws/src/ros_exercises/build/ros_exercises/prefix_override:/home/racecar/racecar_ws/src/ros_exercises/install/ros_exercises/lib/python3.8/site-packages:${PYTHONPATH} /usr/bin/python3 setup.py egg_info --egg-base build/ros_exercises build --build-base /home/racecar/racecar_ws/src/ros_exercises/build/ros_exercises/build install --record /home/racecar/racecar_ws/src/ros_exercises/build/ros_exercises/install.log --install-scripts $base/lib/ros_exercises --single-version-externally-managed
[0.651s] running egg_info
[0.651s] creating build/ros_exercises/ros_exercises.egg-info
[0.652s] writing build/ros_exercises/ros_exercises.egg-info/PKG-INFO
[0.653s] writing dependency_links to build/ros_exercises/ros_exercises.egg-info/dependency_links.txt
[0.653s] writing entry points to build/ros_exercises/ros_exercises.egg-info/entry_points.txt
[0.654s] writing requirements to build/ros_exercises/ros_exercises.egg-info/requires.txt
[0.654s] writing top-level names to build/ros_exercises/ros_exercises.egg-info/top_level.txt
[0.656s] writing manifest file 'build/ros_exercises/ros_exercises.egg-info/SOURCES.txt'
[0.677s] reading manifest file 'build/ros_exercises/ros_exercises.egg-info/SOURCES.txt'
[0.678s] writing manifest file 'build/ros_exercises/ros_exercises.egg-info/SOURCES.txt'
[0.679s] running build
[0.679s] running build_py
[0.680s] creating /home/racecar/racecar_ws/src/ros_exercises/build/ros_exercises/build
[0.680s] creating /home/racecar/racecar_ws/src/ros_exercises/build/ros_exercises/build/lib
[0.681s] creating /home/racecar/racecar_ws/src/ros_exercises/build/ros_exercises/build/lib/ros_exercises
[0.681s] copying ros_exercises/open_space_publisher.py -> /home/racecar/racecar_ws/src/ros_exercises/build/ros_exercises/build/lib/ros_exercises
[0.682s] copying ros_exercises/dynamic_tf_cam_publisher.py -> /home/racecar/racecar_ws/src/ros_exercises/build/ros_exercises/build/lib/ros_exercises
[0.682s] copying ros_exercises/__init__.py -> /home/racecar/racecar_ws/src/ros_exercises/build/ros_exercises/build/lib/ros_exercises
[0.683s] copying ros_exercises/simple_subscriber.py -> /home/racecar/racecar_ws/src/ros_exercises/build/ros_exercises/build/lib/ros_exercises
[0.684s] copying ros_exercises/simple_publisher.py -> /home/racecar/racecar_ws/src/ros_exercises/build/ros_exercises/build/lib/ros_exercises
[0.685s] copying ros_exercises/fake_scan_publisher.py -> /home/racecar/racecar_ws/src/ros_exercises/build/ros_exercises/build/lib/ros_exercises
[0.686s] copying ros_exercises/static_tf_cam_publisher.py -> /home/racecar/racecar_ws/src/ros_exercises/build/ros_exercises/build/lib/ros_exercises
[0.687s] running install
[0.688s] running install_lib
[0.689s] creating /home/racecar/racecar_ws/src/ros_exercises/install/ros_exercises/lib/python3.8/site-packages/ros_exercises
[0.689s] copying /home/racecar/racecar_ws/src/ros_exercises/build/ros_exercises/build/lib/ros_exercises/open_space_publisher.py -> /home/racecar/racecar_ws/src/ros_exercises/install/ros_exercises/lib/python3.8/site-packages/ros_exercises
[0.690s] copying /home/racecar/racecar_ws/src/ros_exercises/build/ros_exercises/build/lib/ros_exercises/dynamic_tf_cam_publisher.py -> /home/racecar/racecar_ws/src/ros_exercises/install/ros_exercises/lib/python3.8/site-packages/ros_exercises
[0.691s] copying /home/racecar/racecar_ws/src/ros_exercises/build/ros_exercises/build/lib/ros_exercises/__init__.py -> /home/racecar/racecar_ws/src/ros_exercises/install/ros_exercises/lib/python3.8/site-packages/ros_exercises
[0.692s] copying /home/racecar/racecar_ws/src/ros_exercises/build/ros_exercises/build/lib/ros_exercises/simple_subscriber.py -> /home/racecar/racecar_ws/src/ros_exercises/install/ros_exercises/lib/python3.8/site-packages/ros_exercises
[0.693s] copying /home/racecar/racecar_ws/src/ros_exercises/build/ros_exercises/build/lib/ros_exercises/simple_publisher.py -> /home/racecar/racecar_ws/src/ros_exercises/install/ros_exercises/lib/python3.8/site-packages/ros_exercises
[0.694s] copying /home/racecar/racecar_ws/src/ros_exercises/build/ros_exercises/build/lib/ros_exercises/fake_scan_publisher.py -> /home/racecar/racecar_ws/src/ros_exercises/install/ros_exercises/lib/python3.8/site-packages/ros_exercises
[0.698s] copying /home/racecar/racecar_ws/src/ros_exercises/build/ros_exercises/build/lib/ros_exercises/static_tf_cam_publisher.py -> /home/racecar/racecar_ws/src/ros_exercises/install/ros_exercises/lib/python3.8/site-packages/ros_exercises
[0.699s] byte-compiling /home/racecar/racecar_ws/src/ros_exercises/install/ros_exercises/lib/python3.8/site-packages/ros_exercises/open_space_publisher.py to open_space_publisher.cpython-38.pyc
[0.701s] byte-compiling /home/racecar/racecar_ws/src/ros_exercises/install/ros_exercises/lib/python3.8/site-packages/ros_exercises/dynamic_tf_cam_publisher.py to dynamic_tf_cam_publisher.cpython-38.pyc
[0.703s] byte-compiling /home/racecar/racecar_ws/src/ros_exercises/install/ros_exercises/lib/python3.8/site-packages/ros_exercises/__init__.py to __init__.cpython-38.pyc
[0.704s] byte-compiling /home/racecar/racecar_ws/src/ros_exercises/install/ros_exercises/lib/python3.8/site-packages/ros_exercises/simple_subscriber.py to simple_subscriber.cpython-38.pyc
[0.705s] byte-compiling /home/racecar/racecar_ws/src/ros_exercises/install/ros_exercises/lib/python3.8/site-packages/ros_exercises/simple_publisher.py to simple_publisher.cpython-38.pyc
[0.707s] byte-compiling /home/racecar/racecar_ws/src/ros_exercises/install/ros_exercises/lib/python3.8/site-packages/ros_exercises/fake_scan_publisher.py to fake_scan_publisher.cpython-38.pyc
[0.708s] byte-compiling /home/racecar/racecar_ws/src/ros_exercises/install/ros_exercises/lib/python3.8/site-packages/ros_exercises/static_tf_cam_publisher.py to static_tf_cam_publisher.cpython-38.pyc
[0.709s] running install_data
[0.710s] creating /home/racecar/racecar_ws/src/ros_exercises/install/ros_exercises/share/ament_index
[0.710s] creating /home/racecar/racecar_ws/src/ros_exercises/install/ros_exercises/share/ament_index/resource_index
[0.711s] creating /home/racecar/racecar_ws/src/ros_exercises/install/ros_exercises/share/ament_index/resource_index/packages
[0.711s] copying resource/ros_exercises -> /home/racecar/racecar_ws/src/ros_exercises/install/ros_exercises/share/ament_index/resource_index/packages
[0.712s] copying package.xml -> /home/racecar/racecar_ws/src/ros_exercises/install/ros_exercises/share/ros_exercises
[0.713s] copying launch/static_tf_publisher.launch.xml -> /home/racecar/racecar_ws/src/ros_exercises/install/ros_exercises/share/ros_exercises
[0.714s] copying launch/my_first_launch.launch.xml -> /home/racecar/racecar_ws/src/ros_exercises/install/ros_exercises/share/ros_exercises
[0.715s] copying launch/static_tf_publisher_ez.launch.xml -> /home/racecar/racecar_ws/src/ros_exercises/install/ros_exercises/share/ros_exercises
[0.717s] running install_egg_info
[0.719s] Copying build/ros_exercises/ros_exercises.egg-info to /home/racecar/racecar_ws/src/ros_exercises/install/ros_exercises/lib/python3.8/site-packages/ros_exercises-0.0.0-py3.8.egg-info
[0.727s] running install_scripts
[0.738s] Installing fake_scan_publisher script to /home/racecar/racecar_ws/src/ros_exercises/install/ros_exercises/lib/ros_exercises
[0.739s] Installing open_space_publisher script to /home/racecar/racecar_ws/src/ros_exercises/install/ros_exercises/lib/ros_exercises
[0.740s] Installing simple_publisher script to /home/racecar/racecar_ws/src/ros_exercises/install/ros_exercises/lib/ros_exercises
[0.740s] Installing simple_subscriber script to /home/racecar/racecar_ws/src/ros_exercises/install/ros_exercises/lib/ros_exercises
[0.741s] Installing static_tf_cam_publisher script to /home/racecar/racecar_ws/src/ros_exercises/install/ros_exercises/lib/ros_exercises
[0.742s] Installing tf_cam_publisher script to /home/racecar/racecar_ws/src/ros_exercises/install/ros_exercises/lib/ros_exercises
[0.743s] writing list of installed files to '/home/racecar/racecar_ws/src/ros_exercises/build/ros_exercises/install.log'
[0.756s] Invoked command in '/home/racecar/racecar_ws/src/ros_exercises' returned '0': PYTHONPATH=/home/racecar/racecar_ws/src/ros_exercises/build/ros_exercises/prefix_override:/home/racecar/racecar_ws/src/ros_exercises/install/ros_exercises/lib/python3.8/site-packages:${PYTHONPATH} /usr/bin/python3 setup.py egg_info --egg-base build/ros_exercises build --build-base /home/racecar/racecar_ws/src/ros_exercises/build/ros_exercises/build install --record /home/racecar/racecar_ws/src/ros_exercises/build/ros_exercises/install.log --install-scripts $base/lib/ros_exercises --single-version-externally-managed
