/home/racecar/racecar_ws/src/ros_exercises/install/ros_exercises/lib/python3.8/site-packages/ros_exercises/open_space_publisher.py
/home/racecar/racecar_ws/src/ros_exercises/install/ros_exercises/lib/python3.8/site-packages/ros_exercises/dynamic_tf_cam_publisher.py
/home/racecar/racecar_ws/src/ros_exercises/install/ros_exercises/lib/python3.8/site-packages/ros_exercises/__init__.py
/home/racecar/racecar_ws/src/ros_exercises/install/ros_exercises/lib/python3.8/site-packages/ros_exercises/simple_subscriber.py
/home/racecar/racecar_ws/src/ros_exercises/install/ros_exercises/lib/python3.8/site-packages/ros_exercises/simple_publisher.py
/home/racecar/racecar_ws/src/ros_exercises/install/ros_exercises/lib/python3.8/site-packages/ros_exercises/fake_scan_publisher.py
/home/racecar/racecar_ws/src/ros_exercises/install/ros_exercises/lib/python3.8/site-packages/ros_exercises/static_tf_cam_publisher.py
/home/racecar/racecar_ws/src/ros_exercises/install/ros_exercises/lib/python3.8/site-packages/ros_exercises/__pycache__/open_space_publisher.cpython-38.pyc
/home/racecar/racecar_ws/src/ros_exercises/install/ros_exercises/lib/python3.8/site-packages/ros_exercises/__pycache__/dynamic_tf_cam_publisher.cpython-38.pyc
/home/racecar/racecar_ws/src/ros_exercises/install/ros_exercises/lib/python3.8/site-packages/ros_exercises/__pycache__/__init__.cpython-38.pyc
/home/racecar/racecar_ws/src/ros_exercises/install/ros_exercises/lib/python3.8/site-packages/ros_exercises/__pycache__/simple_subscriber.cpython-38.pyc
/home/racecar/racecar_ws/src/ros_exercises/install/ros_exercises/lib/python3.8/site-packages/ros_exercises/__pycache__/simple_publisher.cpython-38.pyc
/home/racecar/racecar_ws/src/ros_exercises/install/ros_exercises/lib/python3.8/site-packages/ros_exercises/__pycache__/fake_scan_publisher.cpython-38.pyc
/home/racecar/racecar_ws/src/ros_exercises/install/ros_exercises/lib/python3.8/site-packages/ros_exercises/__pycache__/static_tf_cam_publisher.cpython-38.pyc
/home/racecar/racecar_ws/src/ros_exercises/install/ros_exercises/share/ament_index/resource_index/packages/ros_exercises
/home/racecar/racecar_ws/src/ros_exercises/install/ros_exercises/share/ros_exercises/package.xml
/home/racecar/racecar_ws/src/ros_exercises/install/ros_exercises/share/ros_exercises/static_tf_publisher.launch.xml
/home/racecar/racecar_ws/src/ros_exercises/install/ros_exercises/share/ros_exercises/my_first_launch.launch.xml
/home/racecar/racecar_ws/src/ros_exercises/install/ros_exercises/share/ros_exercises/static_tf_publisher_ez.launch.xml
/home/racecar/racecar_ws/src/ros_exercises/install/ros_exercises/lib/python3.8/site-packages/ros_exercises-0.0.0-py3.8.egg-info/PKG-INFO
/home/racecar/racecar_ws/src/ros_exercises/install/ros_exercises/lib/python3.8/site-packages/ros_exercises-0.0.0-py3.8.egg-info/zip-safe
/home/racecar/racecar_ws/src/ros_exercises/install/ros_exercises/lib/python3.8/site-packages/ros_exercises-0.0.0-py3.8.egg-info/SOURCES.txt
/home/racecar/racecar_ws/src/ros_exercises/install/ros_exercises/lib/python3.8/site-packages/ros_exercises-0.0.0-py3.8.egg-info/entry_points.txt
/home/racecar/racecar_ws/src/ros_exercises/install/ros_exercises/lib/python3.8/site-packages/ros_exercises-0.0.0-py3.8.egg-info/requires.txt
/home/racecar/racecar_ws/src/ros_exercises/install/ros_exercises/lib/python3.8/site-packages/ros_exercises-0.0.0-py3.8.egg-info/top_level.txt
/home/racecar/racecar_ws/src/ros_exercises/install/ros_exercises/lib/python3.8/site-packages/ros_exercises-0.0.0-py3.8.egg-info/dependency_links.txt
/home/racecar/racecar_ws/src/ros_exercises/install/ros_exercises/lib/ros_exercises/fake_scan_publisher
/home/racecar/racecar_ws/src/ros_exercises/install/ros_exercises/lib/ros_exercises/open_space_publisher
/home/racecar/racecar_ws/src/ros_exercises/install/ros_exercises/lib/ros_exercises/simple_publisher
/home/racecar/racecar_ws/src/ros_exercises/install/ros_exercises/lib/ros_exercises/simple_subscriber
/home/racecar/racecar_ws/src/ros_exercises/install/ros_exercises/lib/ros_exercises/static_tf_cam_publisher
/home/racecar/racecar_ws/src/ros_exercises/install/ros_exercises/lib/ros_exercises/tf_cam_publisher
