[0.000000] (-) TimerEvent: {}
[0.000238] (ros_exercises) JobQueued: {'identifier': 'ros_exercises', 'dependencies': OrderedDict()}
[0.000486] (ros_exercises) JobStarted: {'identifier': 'ros_exercises'}
[0.102937] (-) TimerEvent: {}
[0.204025] (-) TimerEvent: {}
[0.305174] (-) TimerEvent: {}
[0.405590] (-) TimerEvent: {}
[0.507194] (-) TimerEvent: {}
[0.537792] (ros_exercises) Command: {'cmd': ['/usr/bin/python3', 'setup.py', 'egg_info', '--egg-base', 'build/ros_exercises', 'build', '--build-base', '/home/racecar/racecar_ws/src/ros_exercises/build/ros_exercises/build', 'install', '--record', '/home/racecar/racecar_ws/src/ros_exercises/build/ros_exercises/install.log', '--install-scripts', '$base/lib/ros_exercises', '--single-version-externally-managed'], 'cwd': '/home/racecar/racecar_ws/src/ros_exercises', 'env': {'PYTHONIOENCODING': 'utf-8', 'HOSTNAME': '46812a3f2789', 'SHLVL': '1', 'LD_LIBRARY_PATH': '/home/racecar/racecar_ws/install/open_space_message/lib:/opt/ros/foxy/opt/yaml_cpp_vendor/lib:/opt/ros/foxy/opt/rviz_ogre_vendor/lib:/opt/ros/foxy/lib/aarch64-linux-gnu:/opt/ros/foxy/lib', 'HOME': '/home/racecar', 'OLDPWD': '/home/racecar/racecar_ws/src/ros_exercises/rqt', 'ROS_PYTHON_VERSION': '3', 'COLCON_PREFIX_PATH': '/home/racecar/racecar_ws/install:/home/sim_ws/install', 'ROS_DISTRO': 'foxy', '_': '/usr/bin/colcon', 'ROS_VERSION': '2', 'TERM': 'xterm', 'ROS_LOCALHOST_ONLY': '0', 'PATH': '/opt/ros/foxy/bin:/usr/local/sbin:/usr/local/bin:/usr/sbin:/usr/bin:/sbin:/bin', 'LANG': 'en_US.UTF-8', 'AMENT_PREFIX_PATH': '/home/racecar/racecar_ws/install/ros_exercises:/home/racecar/racecar_ws/install/open_space_message:/home/sim_ws/install/racecar_simulator:/opt/ros/foxy', 'SIM_WS': '/home/sim_ws', 'PWD': '/home/racecar/racecar_ws/src/ros_exercises/build/ros_exercises', 'PYTHONPATH': '/home/racecar/racecar_ws/src/ros_exercises/build/ros_exercises/prefix_override:/home/racecar/racecar_ws/src/ros_exercises/install/ros_exercises/lib/python3.8/site-packages:/home/racecar/racecar_ws/install/ros_exercises/lib/python3.8/site-packages:/home/racecar/racecar_ws/install/open_space_message/lib/python3.8/site-packages:/opt/ros/foxy/lib/python3.8/site-packages', 'NO_VNC_VERSION': '1.4.0', 'COLCON': '1', 'CMAKE_PREFIX_PATH': '/home/racecar/racecar_ws/install/open_space_message:/home/sim_ws/install/racecar_simulator'}, 'shell': False}
[0.607609] (-) TimerEvent: {}
[0.650522] (ros_exercises) StdoutLine: {'line': b'running egg_info\n'}
[0.651415] (ros_exercises) StdoutLine: {'line': b'creating build/ros_exercises/ros_exercises.egg-info\n'}
[0.652000] (ros_exercises) StdoutLine: {'line': b'writing build/ros_exercises/ros_exercises.egg-info/PKG-INFO\n'}
[0.652751] (ros_exercises) StdoutLine: {'line': b'writing dependency_links to build/ros_exercises/ros_exercises.egg-info/dependency_links.txt\n'}
[0.653422] (ros_exercises) StdoutLine: {'line': b'writing entry points to build/ros_exercises/ros_exercises.egg-info/entry_points.txt\n'}
[0.654083] (ros_exercises) StdoutLine: {'line': b'writing requirements to build/ros_exercises/ros_exercises.egg-info/requires.txt\n'}
[0.654630] (ros_exercises) StdoutLine: {'line': b'writing top-level names to build/ros_exercises/ros_exercises.egg-info/top_level.txt\n'}
[0.655970] (ros_exercises) StdoutLine: {'line': b"writing manifest file 'build/ros_exercises/ros_exercises.egg-info/SOURCES.txt'\n"}
[0.676692] (ros_exercises) StdoutLine: {'line': b"reading manifest file 'build/ros_exercises/ros_exercises.egg-info/SOURCES.txt'\n"}
[0.678214] (ros_exercises) StdoutLine: {'line': b"writing manifest file 'build/ros_exercises/ros_exercises.egg-info/SOURCES.txt'\n"}
[0.678821] (ros_exercises) StdoutLine: {'line': b'running build\n'}
[0.679317] (ros_exercises) StdoutLine: {'line': b'running build_py\n'}
[0.679900] (ros_exercises) StdoutLine: {'line': b'creating /home/racecar/racecar_ws/src/ros_exercises/build/ros_exercises/build\n'}
[0.680401] (ros_exercises) StdoutLine: {'line': b'creating /home/racecar/racecar_ws/src/ros_exercises/build/ros_exercises/build/lib\n'}
[0.680897] (ros_exercises) StdoutLine: {'line': b'creating /home/racecar/racecar_ws/src/ros_exercises/build/ros_exercises/build/lib/ros_exercises\n'}
[0.681636] (ros_exercises) StdoutLine: {'line': b'copying ros_exercises/open_space_publisher.py -> /home/racecar/racecar_ws/src/ros_exercises/build/ros_exercises/build/lib/ros_exercises\n'}
[0.682135] (ros_exercises) StdoutLine: {'line': b'copying ros_exercises/dynamic_tf_cam_publisher.py -> /home/racecar/racecar_ws/src/ros_exercises/build/ros_exercises/build/lib/ros_exercises\n'}
[0.682546] (ros_exercises) StdoutLine: {'line': b'copying ros_exercises/__init__.py -> /home/racecar/racecar_ws/src/ros_exercises/build/ros_exercises/build/lib/ros_exercises\n'}
[0.683156] (ros_exercises) StdoutLine: {'line': b'copying ros_exercises/simple_subscriber.py -> /home/racecar/racecar_ws/src/ros_exercises/build/ros_exercises/build/lib/ros_exercises\n'}
[0.684071] (ros_exercises) StdoutLine: {'line': b'copying ros_exercises/simple_publisher.py -> /home/racecar/racecar_ws/src/ros_exercises/build/ros_exercises/build/lib/ros_exercises\n'}
[0.685049] (ros_exercises) StdoutLine: {'line': b'copying ros_exercises/fake_scan_publisher.py -> /home/racecar/racecar_ws/src/ros_exercises/build/ros_exercises/build/lib/ros_exercises\n'}
[0.686008] (ros_exercises) StdoutLine: {'line': b'copying ros_exercises/static_tf_cam_publisher.py -> /home/racecar/racecar_ws/src/ros_exercises/build/ros_exercises/build/lib/ros_exercises\n'}
[0.687310] (ros_exercises) StdoutLine: {'line': b'running install\n'}
[0.687860] (ros_exercises) StdoutLine: {'line': b'running install_lib\n'}
[0.688941] (ros_exercises) StdoutLine: {'line': b'creating /home/racecar/racecar_ws/src/ros_exercises/install/ros_exercises/lib/python3.8/site-packages/ros_exercises\n'}
[0.689407] (ros_exercises) StdoutLine: {'line': b'copying /home/racecar/racecar_ws/src/ros_exercises/build/ros_exercises/build/lib/ros_exercises/open_space_publisher.py -> /home/racecar/racecar_ws/src/ros_exercises/install/ros_exercises/lib/python3.8/site-packages/ros_exercises\n'}
[0.690332] (ros_exercises) StdoutLine: {'line': b'copying /home/racecar/racecar_ws/src/ros_exercises/build/ros_exercises/build/lib/ros_exercises/dynamic_tf_cam_publisher.py -> /home/racecar/racecar_ws/src/ros_exercises/install/ros_exercises/lib/python3.8/site-packages/ros_exercises\n'}
[0.691307] (ros_exercises) StdoutLine: {'line': b'copying /home/racecar/racecar_ws/src/ros_exercises/build/ros_exercises/build/lib/ros_exercises/__init__.py -> /home/racecar/racecar_ws/src/ros_exercises/install/ros_exercises/lib/python3.8/site-packages/ros_exercises\n'}
[0.692249] (ros_exercises) StdoutLine: {'line': b'copying /home/racecar/racecar_ws/src/ros_exercises/build/ros_exercises/build/lib/ros_exercises/simple_subscriber.py -> /home/racecar/racecar_ws/src/ros_exercises/install/ros_exercises/lib/python3.8/site-packages/ros_exercises\n'}
[0.693197] (ros_exercises) StdoutLine: {'line': b'copying /home/racecar/racecar_ws/src/ros_exercises/build/ros_exercises/build/lib/ros_exercises/simple_publisher.py -> /home/racecar/racecar_ws/src/ros_exercises/install/ros_exercises/lib/python3.8/site-packages/ros_exercises\n'}
[0.694280] (ros_exercises) StdoutLine: {'line': b'copying /home/racecar/racecar_ws/src/ros_exercises/build/ros_exercises/build/lib/ros_exercises/fake_scan_publisher.py -> /home/racecar/racecar_ws/src/ros_exercises/install/ros_exercises/lib/python3.8/site-packages/ros_exercises\n'}
[0.698107] (ros_exercises) StdoutLine: {'line': b'copying /home/racecar/racecar_ws/src/ros_exercises/build/ros_exercises/build/lib/ros_exercises/static_tf_cam_publisher.py -> /home/racecar/racecar_ws/src/ros_exercises/install/ros_exercises/lib/python3.8/site-packages/ros_exercises\n'}
[0.699734] (ros_exercises) StdoutLine: {'line': b'byte-compiling /home/racecar/racecar_ws/src/ros_exercises/install/ros_exercises/lib/python3.8/site-packages/ros_exercises/open_space_publisher.py to open_space_publisher.cpython-38.pyc\n'}
[0.701699] (ros_exercises) StdoutLine: {'line': b'byte-compiling /home/racecar/racecar_ws/src/ros_exercises/install/ros_exercises/lib/python3.8/site-packages/ros_exercises/dynamic_tf_cam_publisher.py to dynamic_tf_cam_publisher.cpython-38.pyc\n'}
[0.703156] (ros_exercises) StdoutLine: {'line': b'byte-compiling /home/racecar/racecar_ws/src/ros_exercises/install/ros_exercises/lib/python3.8/site-packages/ros_exercises/__init__.py to __init__.cpython-38.pyc\n'}
[0.704377] (ros_exercises) StdoutLine: {'line': b'byte-compiling /home/racecar/racecar_ws/src/ros_exercises/install/ros_exercises/lib/python3.8/site-packages/ros_exercises/simple_subscriber.py to simple_subscriber.cpython-38.pyc\n'}
[0.705778] (ros_exercises) StdoutLine: {'line': b'byte-compiling /home/racecar/racecar_ws/src/ros_exercises/install/ros_exercises/lib/python3.8/site-packages/ros_exercises/simple_publisher.py to simple_publisher.cpython-38.pyc\n'}
[0.706912] (ros_exercises) StdoutLine: {'line': b'byte-compiling /home/racecar/racecar_ws/src/ros_exercises/install/ros_exercises/lib/python3.8/site-packages/ros_exercises/fake_scan_publisher.py to fake_scan_publisher.cpython-38.pyc\n'}
[0.707742] (-) TimerEvent: {}
[0.708240] (ros_exercises) StdoutLine: {'line': b'byte-compiling /home/racecar/racecar_ws/src/ros_exercises/install/ros_exercises/lib/python3.8/site-packages/ros_exercises/static_tf_cam_publisher.py to static_tf_cam_publisher.cpython-38.pyc\n'}
[0.709354] (ros_exercises) StdoutLine: {'line': b'running install_data\n'}
[0.710103] (ros_exercises) StdoutLine: {'line': b'creating /home/racecar/racecar_ws/src/ros_exercises/install/ros_exercises/share/ament_index\n'}
[0.710546] (ros_exercises) StdoutLine: {'line': b'creating /home/racecar/racecar_ws/src/ros_exercises/install/ros_exercises/share/ament_index/resource_index\n'}
[0.711041] (ros_exercises) StdoutLine: {'line': b'creating /home/racecar/racecar_ws/src/ros_exercises/install/ros_exercises/share/ament_index/resource_index/packages\n'}
[0.711442] (ros_exercises) StdoutLine: {'line': b'copying resource/ros_exercises -> /home/racecar/racecar_ws/src/ros_exercises/install/ros_exercises/share/ament_index/resource_index/packages\n'}
[0.711931] (ros_exercises) StdoutLine: {'line': b'copying package.xml -> /home/racecar/racecar_ws/src/ros_exercises/install/ros_exercises/share/ros_exercises\n'}
[0.712693] (ros_exercises) StdoutLine: {'line': b'copying launch/static_tf_publisher.launch.xml -> /home/racecar/racecar_ws/src/ros_exercises/install/ros_exercises/share/ros_exercises\n'}
[0.713851] (ros_exercises) StdoutLine: {'line': b'copying launch/my_first_launch.launch.xml -> /home/racecar/racecar_ws/src/ros_exercises/install/ros_exercises/share/ros_exercises\n'}
[0.714893] (ros_exercises) StdoutLine: {'line': b'copying launch/static_tf_publisher_ez.launch.xml -> /home/racecar/racecar_ws/src/ros_exercises/install/ros_exercises/share/ros_exercises\n'}
[0.716722] (ros_exercises) StdoutLine: {'line': b'running install_egg_info\n'}
[0.718597] (ros_exercises) StdoutLine: {'line': b'Copying build/ros_exercises/ros_exercises.egg-info to /home/racecar/racecar_ws/src/ros_exercises/install/ros_exercises/lib/python3.8/site-packages/ros_exercises-0.0.0-py3.8.egg-info\n'}
[0.727037] (ros_exercises) StdoutLine: {'line': b'running install_scripts\n'}
[0.738158] (ros_exercises) StdoutLine: {'line': b'Installing fake_scan_publisher script to /home/racecar/racecar_ws/src/ros_exercises/install/ros_exercises/lib/ros_exercises\n'}
[0.739088] (ros_exercises) StdoutLine: {'line': b'Installing open_space_publisher script to /home/racecar/racecar_ws/src/ros_exercises/install/ros_exercises/lib/ros_exercises\n'}
[0.739856] (ros_exercises) StdoutLine: {'line': b'Installing simple_publisher script to /home/racecar/racecar_ws/src/ros_exercises/install/ros_exercises/lib/ros_exercises\n'}
[0.740477] (ros_exercises) StdoutLine: {'line': b'Installing simple_subscriber script to /home/racecar/racecar_ws/src/ros_exercises/install/ros_exercises/lib/ros_exercises\n'}
[0.741139] (ros_exercises) StdoutLine: {'line': b'Installing static_tf_cam_publisher script to /home/racecar/racecar_ws/src/ros_exercises/install/ros_exercises/lib/ros_exercises\n'}
[0.741892] (ros_exercises) StdoutLine: {'line': b'Installing tf_cam_publisher script to /home/racecar/racecar_ws/src/ros_exercises/install/ros_exercises/lib/ros_exercises\n'}
[0.742991] (ros_exercises) StdoutLine: {'line': b"writing list of installed files to '/home/racecar/racecar_ws/src/ros_exercises/build/ros_exercises/install.log'\n"}
[0.756168] (ros_exercises) CommandEnded: {'returncode': 0}
[0.807897] (-) TimerEvent: {}
[0.820959] (ros_exercises) JobEnded: {'identifier': 'ros_exercises', 'rc': 0}
[0.822379] (-) EventReactorShutdown: {}
